1
10,20,30
1,1,1,1,1,1,1,1,1,1,1,1,1,1,1,1,1,1,1,1,1,1,1,1,1,1,1
1,2,3,4,5,6
1,2,3,4,5,6
100,2,3,4,5,600
4,5,600,100,2,3
1,1,1,1,1,1,1,1,1,1,1,1,1,1,1,1,1,1,1,1,1,1,1,1,1,1,1
1000
333
-1000
1,1,1,1,1,1,1,1,1,1,1,1,1,1,1,1,1,1,1,1,1,1,1,1,1,1,1
0,0,0,0,0,0,0,0
1,0,0,0,0,0,0,0
1,1,0,0,0,0,0,0
1,1,1,0,0,0,0,0
1,1,1,1,0,0,0,0
1,1,1,1,1,0,0,0
1,1,1,1,1,1,0,0
1,1,1,1,1,1,1,0
1,1,1,1,1,1,1,1
1,1,1,1,1,1,1,1,1,1,1,1,1,1,1,1,1,1,1,1,1,1,1,1,1,1,1
2
3
5
7
11
13
17
19
23
29
31
37
41
43
47
53
59
61
67
71
73
79
83
89
97
1,1,1,1,1,1,1,1,1,1,1,1,1,1,1,1,1,1,1,1,1,1,1,1,1,1,1
3,3
5,5
6,3
9,3
10,5
12,3
15,3,5
18,3
20,5
21,3
24,3
25,5
27,3
30,3,5
33,3
35,5
36,3
39,3
40,5
42,3
45,3,5
48,3
50,5
51,3
54,3
55,5
57,3
60,3,5
63,3
65,5
66,3
69,3
70,5
72,3
75,3,5
78,3
80,5
81,3
84,3
85,5
87,3
90,3,5
93,3
95,5
96,3
99,3
100,5
